  zeroLengthPlateBrick.cpp
zeroLengthPlateBrick.obj : error LNK2019: unresolved external symbol "public: int __cdecl MovableObject::getClassTag(void)const " (?getClassTag@MovableObject@@QEBAHXZ) referenced in function "public: virtual int __cdecl ZeroLengthPlateBrick::recvSelf(int,class Channel &,class FEM_ObjectBroker &)" (?recvSelf@ZeroLengthPlateBrick@@UEAAHHAEAVChannel@@AEAVFEM_ObjectBroker@@@Z)
zeroLengthPlateBrick.obj : error LNK2001: unresolved external symbol "public: virtual char const * __cdecl MovableObject::getClassType(void)const " (?getClassType@MovableObject@@UEBAPEBDXZ)
zeroLengthPlateBrick.obj : error LNK2019: unresolved external symbol "public: int __cdecl MovableObject::getDbTag(void)const " (?getDbTag@MovableObject@@QEBAHXZ) referenced in function "public: virtual int __cdecl ZeroLengthPlateBrick::recvSelf(int,class Channel &,class FEM_ObjectBroker &)" (?recvSelf@ZeroLengthPlateBrick@@UEAAHHAEAVChannel@@AEAVFEM_ObjectBroker@@@Z)
zeroLengthPlateBrick.obj : error LNK2019: unresolved external symbol "public: void __cdecl MovableObject::setDbTag(int)" (?setDbTag@MovableObject@@QEAAXH@Z) referenced in function "public: virtual int __cdecl ZeroLengthPlateBrick::recvSelf(int,class Channel &,class FEM_ObjectBroker &)" (?recvSelf@ZeroLengthPlateBrick@@UEAAHHAEAVChannel@@AEAVFEM_ObjectBroker@@@Z)
zeroLengthPlateBrick.obj : error LNK2001: unresolved external symbol "public: virtual int __cdecl MovableObject::setParameter(char const * *,int,class Parameter &)" (?setParameter@MovableObject@@UEAAHPEAPEBDHAEAVParameter@@@Z)
zeroLengthPlateBrick.obj : error LNK2001: unresolved external symbol "public: virtual int __cdecl MovableObject::updateParameter(int,class Information &)" (?updateParameter@MovableObject@@UEAAHHAEAVInformation@@@Z)
zeroLengthPlateBrick.obj : error LNK2001: unresolved external symbol "public: virtual int __cdecl MovableObject::activateParameter(int)" (?activateParameter@MovableObject@@UEAAHH@Z)
zeroLengthPlateBrick.obj : error LNK2001: unresolved external symbol "public: virtual int __cdecl MovableObject::setVariable(char const *,class Information &)" (?setVariable@MovableObject@@UEAAHPEBDAEAVInformation@@@Z)
zeroLengthPlateBrick.obj : error LNK2001: unresolved external symbol "public: virtual int __cdecl MovableObject::getVariable(char const *,class Information &)" (?getVariable@MovableObject@@UEAAHPEBDAEAVInformation@@@Z)
zeroLengthPlateBrick.obj : error LNK2019: unresolved external symbol "protected: void __cdecl TaggedObject::setTag(int)" (?setTag@TaggedObject@@IEAAXH@Z) referenced in function "public: virtual int __cdecl ZeroLengthPlateBrick::recvSelf(int,class Channel &,class FEM_ObjectBroker &)" (?recvSelf@ZeroLengthPlateBrick@@UEAAHHAEAVChannel@@AEAVFEM_ObjectBroker@@@Z)
zeroLengthPlateBrick.obj : error LNK2019: unresolved external symbol "public: __cdecl Vector::Vector(int)" (??0Vector@@QEAA@H@Z) referenced in function "void __cdecl `dynamic initializer for 'private: static class Vector ZeroLengthPlateBrick::P4''(void)" (??__E?P4@ZeroLengthPlateBrick@@0VVector@@A@@YAXXZ)
zeroLengthPlateBrick.obj : error LNK2019: unresolved external symbol "public: __cdecl Vector::~Vector(void)" (??1Vector@@QEAA@XZ) referenced in function "void __cdecl `dynamic atexit destructor for 'private: static class Vector ZeroLengthPlateBrick::P4''(void)" (??__F?P4@ZeroLengthPlateBrick@@0VVector@@A@@YAXXZ)
zeroLengthPlateBrick.obj : error LNK2019: unresolved external symbol "public: double __cdecl Vector::Norm(void)const " (?Norm@Vector@@QEBANXZ) referenced in function "public: virtual void __cdecl ZeroLengthPlateBrick::setDomain(class Domain *)" (?setDomain@ZeroLengthPlateBrick@@UEAAXPEAVDomain@@@Z)
zeroLengthPlateBrick.obj : error LNK2019: unresolved external symbol "public: class Vector __cdecl Vector::operator-(class Vector const &)const " (??GVector@@QEBA?AV0@AEBV0@@Z) referenced in function "private: void __cdecl ZeroLengthPlateBrick::computeStrain(void)" (?computeStrain@ZeroLengthPlateBrick@@AEAAXXZ)
zeroLengthPlateBrick.obj : error LNK2019: unresolved external symbol "public: virtual void __cdecl DomainComponent::setDomain(class Domain *)" (?setDomain@DomainComponent@@UEAAXPEAVDomain@@@Z) referenced in function "public: virtual void __cdecl ZeroLengthPlateBrick::setDomain(class Domain *)" (?setDomain@ZeroLengthPlateBrick@@UEAAXPEAVDomain@@@Z)
zeroLengthPlateBrick.obj : error LNK2001: unresolved external symbol "public: virtual class Domain * __cdecl DomainComponent::getDomain(void)const " (?getDomain@DomainComponent@@UEBAPEAVDomain@@XZ)
zeroLengthPlateBrick.obj : error LNK2019: unresolved external symbol "public: __cdecl ID::ID(int)" (??0ID@@QEAA@H@Z) referenced in function "public: __cdecl ZeroLengthPlateBrick::ZeroLengthPlateBrick(int,int,int,int,class Vector const &,class Vector const &,class NDMaterial &)" (??0ZeroLengthPlateBrick@@QEAA@HHHHAEBVVector@@0AEAVNDMaterial@@@Z)
zeroLengthPlateBrick.obj : error LNK2019: unresolved external symbol "public: __cdecl ID::~ID(void)" (??1ID@@QEAA@XZ) referenced in function "int `public: __cdecl ZeroLengthPlateBrick::ZeroLengthPlateBrick(int,int,int,int,class Vector const &,class Vector const &,class NDMaterial &)'::`1'::dtor$1" (?dtor$1@?0???0ZeroLengthPlateBrick@@QEAA@HHHHAEBVVector@@0AEAVNDMaterial@@@Z@4HA)
zeroLengthPlateBrick.obj : error LNK2019: unresolved external symbol "public: int & __cdecl ID::operator[](int)" (??AID@@QEAAAEAHH@Z) referenced in function "public: virtual class Response * __cdecl ZeroLengthPlateBrick::setResponse(char const * *,int,class OPS_Stream &)" (?setResponse@ZeroLengthPlateBrick@@UEAAPEAVResponse@@PEAPEBDHAEAVOPS_Stream@@@Z)
zeroLengthPlateBrick.obj : error LNK2019: unresolved external symbol "class OPS_Stream & __cdecl operator<<(class OPS_Stream &,class ID const &)" (??6@YAAEAVOPS_Stream@@AEAV0@AEBVID@@@Z) referenced in function "public: virtual void __cdecl ZeroLengthPlateBrick::Print(class OPS_Stream &,int)" (?Print@ZeroLengthPlateBrick@@UEAAXAEAVOPS_Stream@@H@Z)
zeroLengthPlateBrick.obj : error LNK2019: unresolved external symbol "public: __cdecl Element::Element(int,int)" (??0Element@@QEAA@HH@Z) referenced in function "public: __cdecl ZeroLengthPlateBrick::ZeroLengthPlateBrick(int,int,int,int,class Vector const &,class Vector const &,class NDMaterial &)" (??0ZeroLengthPlateBrick@@QEAA@HHHHAEBVVector@@0AEAVNDMaterial@@@Z)
zeroLengthPlateBrick.obj : error LNK2019: unresolved external symbol "public: virtual __cdecl Element::~Element(void)" (??1Element@@UEAA@XZ) referenced in function "int `public: __cdecl ZeroLengthPlateBrick::ZeroLengthPlateBrick(int,int,int,int,class Vector const &,class Vector const &,class NDMaterial &)'::`1'::dtor$0" (?dtor$0@?0???0ZeroLengthPlateBrick@@QEAA@HHHHAEBVVector@@0AEAVNDMaterial@@@Z@4HA)
zeroLengthPlateBrick.obj : error LNK2001: unresolved external symbol "public: virtual double __cdecl Element::getCharacteristicLength(void)" (?getCharacteristicLength@Element@@UEAANXZ)
zeroLengthPlateBrick.obj : error LNK2001: unresolved external symbol "public: virtual int __cdecl Element::update(void)" (?update@Element@@UEAAHXZ)
zeroLengthPlateBrick.obj : error LNK2001: unresolved external symbol "public: virtual bool __cdecl Element::isSubdomain(void)" (?isSubdomain@Element@@UEAA_NXZ)
zeroLengthPlateBrick.obj : error LNK2001: unresolved external symbol "public: virtual class Matrix const & __cdecl Element::getGeometricTangentStiff(void)" (?getGeometricTangentStiff@Element@@UEAAAEBVMatrix@@XZ)
zeroLengthPlateBrick.obj : error LNK2001: unresolved external symbol "public: virtual int __cdecl Element::addLoad(class ElementalLoad *,class Vector const &)" (?addLoad@Element@@UEAAHPEAVElementalLoad@@AEBVVector@@@Z)
zeroLengthPlateBrick.obj : error LNK2001: unresolved external symbol "public: virtual int __cdecl Element::setRayleighDampingFactors(double,double,double,double)" (?setRayleighDampingFactors@Element@@UEAAHNNNN@Z)
zeroLengthPlateBrick.obj : error LNK2001: unresolved external symbol "public: virtual int __cdecl Element::getResponseSensitivity(int,int,class Information &)" (?getResponseSensitivity@Element@@UEAAHHHAEAVInformation@@@Z)
zeroLengthPlateBrick.obj : error LNK2001: unresolved external symbol "public: virtual int __cdecl Element::addInertiaLoadSensitivityToUnbalance(class Vector const &,bool)" (?addInertiaLoadSensitivityToUnbalance@Element@@UEAAHAEBVVector@@_N@Z)
zeroLengthPlateBrick.obj : error LNK2001: unresolved external symbol "public: virtual class Vector const & __cdecl Element::getResistingForceSensitivity(int)" (?getResistingForceSensitivity@Element@@UEAAAEBVVector@@H@Z)
zeroLengthPlateBrick.obj : error LNK2001: unresolved external symbol "public: virtual class Matrix const & __cdecl Element::getTangentStiffSensitivity(int)" (?getTangentStiffSensitivity@Element@@UEAAAEBVMatrix@@H@Z)
zeroLengthPlateBrick.obj : error LNK2001: unresolved external symbol "public: virtual class Matrix const & __cdecl Element::getInitialStiffSensitivity(int)" (?getInitialStiffSensitivity@Element@@UEAAAEBVMatrix@@H@Z)
zeroLengthPlateBrick.obj : error LNK2001: unresolved external symbol "public: virtual class Matrix const & __cdecl Element::getCommittedStiffSensitivity(int)" (?getCommittedStiffSensitivity@Element@@UEAAAEBVMatrix@@H@Z)
zeroLengthPlateBrick.obj : error LNK2001: unresolved external symbol "public: virtual class Matrix const & __cdecl Element::getDampSensitivity(int)" (?getDampSensitivity@Element@@UEAAAEBVMatrix@@H@Z)
zeroLengthPlateBrick.obj : error LNK2001: unresolved external symbol "public: virtual class Matrix const & __cdecl Element::getMassSensitivity(int)" (?getMassSensitivity@Element@@UEAAAEBVMatrix@@H@Z)
zeroLengthPlateBrick.obj : error LNK2001: unresolved external symbol "public: virtual int __cdecl Element::commitSensitivity(int,int)" (?commitSensitivity@Element@@UEAAHHH@Z)
zeroLengthPlateBrick.obj : error LNK2001: unresolved external symbol "public: virtual int __cdecl Element::addResistingForceToNodalReaction(int)" (?addResistingForceToNodalReaction@Element@@UEAAHH@Z)
zeroLengthPlateBrick.obj : error LNK2001: unresolved external symbol "public: virtual int __cdecl Element::storePreviousK(int)" (?storePreviousK@Element@@UEAAHH@Z)
zeroLengthPlateBrick.obj : error LNK2001: unresolved external symbol "public: virtual class Matrix const * __cdecl Element::getPreviousK(int)" (?getPreviousK@Element@@UEAAPEBVMatrix@@H@Z)
zeroLengthPlateBrick.obj : error LNK2019: unresolved external symbol "public: __cdecl Matrix::Matrix(int,int)" (??0Matrix@@QEAA@HH@Z) referenced in function "public: __cdecl ZeroLengthPlateBrick::ZeroLengthPlateBrick(int,int,int,int,class Vector const &,class Vector const &,class NDMaterial &)" (??0ZeroLengthPlateBrick@@QEAA@HHHHAEBVVector@@0AEAVNDMaterial@@@Z)
zeroLengthPlateBrick.obj : error LNK2019: unresolved external symbol "public: __cdecl Matrix::~Matrix(void)" (??1Matrix@@QEAA@XZ) referenced in function "int `public: __cdecl ZeroLengthPlateBrick::ZeroLengthPlateBrick(int,int,int,int,class Vector const &,class Vector const &,class NDMaterial &)'::`1'::dtor$2" (?dtor$2@?0???0ZeroLengthPlateBrick@@QEAA@HHHHAEBVVector@@0AEAVNDMaterial@@@Z@4HA)
zeroLengthPlateBrick.obj : error LNK2019: unresolved external symbol "public: void __cdecl Matrix::Zero(void)" (?Zero@Matrix@@QEAAXXZ) referenced in function "public: virtual class Matrix const & __cdecl ZeroLengthPlateBrick::getDamp(void)" (?getDamp@ZeroLengthPlateBrick@@UEAAAEBVMatrix@@XZ)
zeroLengthPlateBrick.obj : error LNK2019: unresolved external symbol "class OPS_Stream & __cdecl operator<<(class OPS_Stream &,class Matrix const &)" (??6@YAAEAVOPS_Stream@@AEAV0@AEBVMatrix@@@Z) referenced in function "private: void __cdecl ZeroLengthPlateBrick::setUp(int,int,class Vector const &,class Vector const &)" (?setUp@ZeroLengthPlateBrick@@AEAAXHHAEBVVector@@0@Z)
zeroLengthPlateBrick.obj : error LNK2019: unresolved external symbol "class NDMaterial * __cdecl OPS_getNDMaterial(int)" (?OPS_getNDMaterial@@YAPEAVNDMaterial@@H@Z) referenced in function "void * __cdecl OPS_ZeroLengthPlateBrick(void)" (?OPS_ZeroLengthPlateBrick@@YAPEAXXZ)
zeroLengthPlateBrick.obj : error LNK2019: unresolved external symbol "class UniaxialMaterial * __cdecl OPS_getUniaxialMaterial(int)" (?OPS_getUniaxialMaterial@@YAPEAVUniaxialMaterial@@H@Z) referenced in function "void * __cdecl OPS_ZeroLengthPlateBrick(void)" (?OPS_ZeroLengthPlateBrick@@YAPEAXXZ)
zeroLengthPlateBrick.obj : error LNK2019: unresolved external symbol "public: __cdecl ElementResponse::ElementResponse(class Element *,int,class Vector const &)" (??0ElementResponse@@QEAA@PEAVElement@@HAEBVVector@@@Z) referenced in function "public: virtual class Response * __cdecl ZeroLengthPlateBrick::setResponse(char const * *,int,class OPS_Stream &)" (?setResponse@ZeroLengthPlateBrick@@UEAAPEAVResponse@@PEAPEBDHAEAVOPS_Stream@@@Z)
zeroLengthPlateBrick.obj : error LNK2019: unresolved external symbol ops_getndm_ referenced in function "void * __cdecl OPS_ZeroLengthPlateBrick(void)" (?OPS_ZeroLengthPlateBrick@@YAPEAXXZ)
zeroLengthPlateBrick.obj : error LNK2019: unresolved external symbol OPS_GetNumRemainingInputArgs referenced in function "void * __cdecl OPS_ZeroLengthPlateBrick(void)" (?OPS_ZeroLengthPlateBrick@@YAPEAXXZ)
zeroLengthPlateBrick.obj : error LNK2019: unresolved external symbol OPS_ResetCurrentInputArg referenced in function "void * __cdecl OPS_ZeroLengthPlateBrick(void)" (?OPS_ZeroLengthPlateBrick@@YAPEAXXZ)
zeroLengthPlateBrick.obj : error LNK2019: unresolved external symbol ops_getintinput_ referenced in function "void * __cdecl OPS_ZeroLengthPlateBrick(void)" (?OPS_ZeroLengthPlateBrick@@YAPEAXXZ)
zeroLengthPlateBrick.obj : error LNK2019: unresolved external symbol ops_getdoubleinput_ referenced in function "void * __cdecl OPS_ZeroLengthPlateBrick(void)" (?OPS_ZeroLengthPlateBrick@@YAPEAXXZ)
zeroLengthPlateBrick.obj : error LNK2019: unresolved external symbol ops_getstring referenced in function "void * __cdecl OPS_ZeroLengthPlateBrick(void)" (?OPS_ZeroLengthPlateBrick@@YAPEAXXZ)
zeroLengthPlateBrick.obj : error LNK2001: unresolved external symbol "class OPS_Stream * opserrPtr" (?opserrPtr@@3PEAVOPS_Stream@@EA)
C:\Users\vanin\Documents\GitHub\OpenSees\DEVELOPER\element\cpp\zeroLengthPlateBrick\x64\Debug\zeroLengthPlateBrick.dll : fatal error LNK1120: 54 unresolved externals
