  Analysis.cpp
  AnalysisModel.cpp
  ArrayOfTaggedObjects.cpp
  ArrayOfTaggedObjectsIter.cpp
  BeamFiberMaterial.cpp
  BeamFiberMaterial2d.cpp
  BinaryFileStream.cpp
  Channel.cpp
  CompositeResponse.cpp
  ConstraintHandler.cpp
  DataFileStream.cpp
  DOF_Group.cpp
  DOF_GrpIter.cpp
  Domain.cpp
  DomainComponent.cpp
  DummyStream.cpp
  EigenSOE.cpp
  EigenSolver.cpp
  Element.cpp
  ElementalLoad.cpp
  Compiling...
  ElementalLoadIter.cpp
  ElementResponse.cpp
  FEM_ObjectBroker.cpp
  FE_Datastore.cpp
  FE_EleIter.cpp
  FE_Element.cpp
  FiberResponse.cpp
  File.cpp
  FileIter.cpp
  FrictionModel.cpp
  FrictionResponse.cpp
  Graph.cpp
  ID.cpp
  IncrementalIntegrator.cpp
  Information.cpp
  Integrator.cpp
  LinearSOE.cpp
  LinearSOESolver.cpp
  Load.cpp
  LoadPatternIter.cpp
  Compiling...
  MapOfTaggedObjects.cpp
  MapOfTaggedObjectsIter.cpp
  Material.cpp
  MaterialResponse.cpp
  Matrix.cpp
..\..\..\..\core\Matrix.cpp(47): warning C4005: '_DLL': macro redefinition
  ..\..\..\..\core\Matrix.cpp(47): note: command-line arguments:  see previous definition of '_DLL'
  MatrixUtil.cpp
  Message.cpp
  MovableObject.cpp
  MP_Constraint.cpp
  NDMaterial.cpp
  NodalLoad.cpp
  NodalLoadIter.cpp
  Node.cpp
  ObjectBroker.cpp
  OPS_Stream.cpp
  Parameter.cpp
  PlaneStrainMaterial.cpp
  PlaneStressMaterial.cpp
  PlateFiberMaterial.cpp
  Pressure_Constraint.cpp
  Compiling...
  Recorder.cpp
  Renderer.cpp
  Response.cpp
  SectionForceDeformation.cpp
  SimulationInformation.cpp
  SingleDomAllSP_Iter.cpp
  SingleDomEleIter.cpp
  SingleDomMP_Iter.cpp
  SingleDomNodIter.cpp
  SingleDomParamIter.cpp
  SingleDomPC_Iter.cpp
  SingleDomSP_Iter.cpp
  SolutionAlgorithm.cpp
  SP_Constraint.cpp
  StandardStream.cpp
  StaticIntegrator.cpp
  StringContainer.cpp
  Subdomain.cpp
  SubdomainNodIter.cpp
  TaggedObject.cpp
  Compiling...
  TransientIntegrator.cpp
  UniaxialMaterial.cpp
  Vector.cpp
  Vertex.cpp
  VertexIter.cpp
  win32Functions.cpp
  CompressionDamage1d.cpp
CompressionDamage1d.cpp(264): warning C4244: 'argument': conversion from 'double' to 'int', possible loss of data
     Creating library C:\Users\vanin\Documents\GitHub\OpenSees\DEVELOPER\material\cpp\CompressionDamage1d\x64\Release\CompressionDamage1d.lib and object C:\Users\vanin\Documents\GitHub\OpenSees\DEVELOPER\material\cpp\CompressionDamage1d\x64\Release\CompressionDamage1d.exp
  Generating code
  All 2046 functions were compiled because no usable IPDB/IOBJ from previous compilation was found.
  Finished generating code
  CompressionDamage1d.vcxproj -> C:\Users\vanin\Documents\GitHub\OpenSees\DEVELOPER\material\cpp\CompressionDamage1d\x64\Release\CompressionDamage1d.dll
